<?xml version="1.0" encoding="UTF-8"?>
<!-- Generated by org.testng.reporters.JUnitXMLReporter -->
<testsuite hostname="HBADT4800642" ignored="8" name="Test" tests="4" failures="1" timestamp="05 Jul 2021 15:19:32 GMT" time="14.507" errors="0">
  <testcase name="getDashboard" time="0.051" classname="com.qa.testscripts.ShutterBagTest">
    <skipped/>
  </testcase> <!-- getDashboard -->
  <testcase name="getDashboard" time="0.001" classname="com.qa.testscripts.ShutterBagTest">
    <skipped/>
  </testcase> <!-- getDashboard -->
  <testcase name="getDashboard" time="0.001" classname="com.qa.testscripts.ShutterBagTest">
    <skipped/>
  </testcase> <!-- getDashboard -->
  <testcase name="getDashboard" time="0.002" classname="com.qa.testscripts.ShutterBagTest">
    <failure type="java.lang.NullPointerException">
      <![CDATA[java.lang.NullPointerException
at org.openqa.selenium.support.pagefactory.DefaultElementLocator.findElement(DefaultElementLocator.java:69)
at org.openqa.selenium.support.pagefactory.internal.LocatingElementHandler.invoke(LocatingElementHandler.java:38)
at com.sun.proxy.$Proxy11.sendKeys(Unknown Source)
at com.qa.testscripts.ShutterBagTest.getDashboard(ShutterBagTest.java:26)
... Removed 25 stack frames]]>
    </failure>
  </testcase> <!-- getDashboard -->
  <testcase name="@AfterTest teardown" time="0.0" classname="com.qa.testscripts.TestBase">
    <ignored/>
  </testcase> <!-- @AfterTest teardown -->
  <testcase name="@AfterTest teardown" time="0.0" classname="com.qa.testscripts.TestBase">
    <ignored/>
  </testcase> <!-- @AfterTest teardown -->
  <testcase name="@AfterTest teardown" time="0.0" classname="com.qa.testscripts.TestBase">
    <ignored/>
  </testcase> <!-- @AfterTest teardown -->
  <testcase name="@AfterTest teardown" time="0.0" classname="com.qa.testscripts.TestBase">
    <ignored/>
  </testcase> <!-- @AfterTest teardown -->
  <testcase name="@BeforeTest beforeannotate" time="0.0" classname="com.qa.testscripts.TestBase">
    <ignored/>
  </testcase> <!-- @BeforeTest beforeannotate -->
  <testcase name="@BeforeTest beforeannotate" time="0.0" classname="com.qa.testscripts.TestBase">
    <ignored/>
  </testcase> <!-- @BeforeTest beforeannotate -->
  <testcase name="@BeforeTest beforeannotate" time="0.0" classname="com.qa.testscripts.TestBase">
    <ignored/>
  </testcase> <!-- @BeforeTest beforeannotate -->
  <testcase name="@BeforeTest beforeannotate" time="0.0" classname="com.qa.testscripts.TestBase">
    <ignored/>
  </testcase> <!-- @BeforeTest beforeannotate -->
</testsuite> <!-- Test -->
